[2025-11-12 16:47:01] error: GET /admin/test-error - Đây là lỗi giả lập
[2025-11-13 09:50:02] error: POST /auth/login - Không tìm thấy người dùng
[2025-11-13 10:06:28] error: GET /admin/metrics - Token không hợp lệ hoặc đã hết hạn
[2025-11-13 10:06:28] error: GET /admin/revenue - Token không hợp lệ hoặc đã hết hạn
[2025-11-13 10:06:28] error: GET /admin/orders-stats - Token không hợp lệ hoặc đã hết hạn
[2025-11-13 10:06:28] error: GET /admin/customers-stats - Token không hợp lệ hoặc đã hết hạn
[2025-11-13 10:06:28] error: GET /admin/revenue - Token không hợp lệ hoặc đã hết hạn
[2025-11-13 10:06:28] error: GET /admin/notifications - Token không hợp lệ hoặc đã hết hạn
[2025-11-13 14:06:49] error: POST /admin/products/upload - Unexpected field
[2025-11-13 16:10:50] error: GET /admin/products/69159d4415913292d18a4d30 - Không có token hoặc token không hợp lệ
[2025-11-13 16:10:51] error: GET /admin/products/69159d4415913292d18a4d30 - Không có token hoặc token không hợp lệ
[2025-11-13 16:10:53] error: GET /admin/products/69159d4415913292d18a4d30 - Không có token hoặc token không hợp lệ
[2025-11-13 16:10:57] error: GET /admin/products/69159d4415913292d18a4d30 - Không có token hoặc token không hợp lệ
[2025-11-13 16:13:17] error: GET /admin/products/69159d4415913292d18a4d30 - Không có token hoặc token không hợp lệ
[2025-11-13 16:13:18] error: GET /admin/products/69159d4415913292d18a4d30 - Không có token hoặc token không hợp lệ
[2025-11-13 16:13:20] error: GET /admin/products/69159d4415913292d18a4d30 - Không có token hoặc token không hợp lệ
[2025-11-13 16:13:24] error: GET /admin/products/69159d4415913292d18a4d30 - Không có token hoặc token không hợp lệ
[2025-11-14 15:37:15] error: PUT /admin/categories/6916ea279002e6f85f619893 - Cast to ObjectId failed for value "" (type string) at path "parent" because of "BSONError"
[2025-11-15 10:29:38] error: MongoDB connection error: querySrv ETIMEOUT _mongodb._tcp.cluster0.5izekk1.mongodb.net
[2025-11-17 08:31:12] error: POST /auth/login - Sai mật khẩu
[2025-11-17 08:49:40] error: POST /auth/login - Sai mật khẩu
[2025-11-17 08:49:43] error: POST /auth/login - Sai mật khẩu
[2025-11-17 15:40:50] error: GET /admin/inventory/list - Không có token hoặc token không hợp lệ
[2025-11-18 10:15:21] error: POST /admin/banners - Banner validation failed: position: `homepage` is not a valid enum value for path `position`.
[2025-11-18 10:46:04] error: GET /admin/blog/posts - Không có token hoặc token không hợp lệ
[2025-11-18 10:46:04] error: GET /admin/blog/posts - Không có token hoặc token không hợp lệ
[2025-11-18 10:56:39] error: GET /admin/blog/posts - Không có token hoặc token không hợp lệ
[2025-11-18 10:56:53] error: GET /admin/notifications - Không có token hoặc token không hợp lệ
[2025-11-18 10:56:53] error: GET /admin/notifications/unread-count - Không có token hoặc token không hợp lệ
[2025-11-18 10:56:53] error: GET /admin/notifications - Không có token hoặc token không hợp lệ
[2025-11-18 10:56:54] error: GET /admin/notifications - Không có token hoặc token không hợp lệ
[2025-11-18 10:56:54] error: GET /admin/notifications/unread-count - Không có token hoặc token không hợp lệ
[2025-11-18 10:56:54] error: GET /admin/notifications - Không có token hoặc token không hợp lệ
[2025-11-18 10:56:54] error: GET /admin/notifications - Không có token hoặc token không hợp lệ
[2025-11-18 10:56:54] error: GET /admin/notifications/unread-count - Không có token hoặc token không hợp lệ
[2025-11-18 10:56:54] error: GET /admin/notifications - Không có token hoặc token không hợp lệ
[2025-11-18 10:56:55] error: GET /admin/notifications - Không có token hoặc token không hợp lệ
[2025-11-18 10:56:55] error: GET /admin/notifications/unread-count - Không có token hoặc token không hợp lệ
[2025-11-18 10:56:55] error: GET /admin/notifications - Không có token hoặc token không hợp lệ
[2025-11-18 10:56:56] error: GET /admin/notifications - Không có token hoặc token không hợp lệ
[2025-11-18 10:56:56] error: GET /admin/notifications/unread-count - Không có token hoặc token không hợp lệ
[2025-11-18 10:56:56] error: GET /admin/notifications - Không có token hoặc token không hợp lệ
[2025-11-18 10:56:56] error: GET /admin/notifications - Không có token hoặc token không hợp lệ
[2025-11-18 10:56:56] error: GET /admin/notifications/unread-count - Không có token hoặc token không hợp lệ
[2025-11-18 10:56:56] error: GET /admin/notifications - Không có token hoặc token không hợp lệ
[2025-11-18 10:56:57] error: GET /admin/notifications - Không có token hoặc token không hợp lệ
[2025-11-18 10:56:57] error: GET /admin/notifications/unread-count - Không có token hoặc token không hợp lệ
[2025-11-18 10:56:57] error: GET /admin/notifications - Không có token hoặc token không hợp lệ
[2025-11-18 10:56:58] error: GET /admin/notifications - Không có token hoặc token không hợp lệ
[2025-11-18 10:56:58] error: GET /admin/notifications/unread-count - Không có token hoặc token không hợp lệ
[2025-11-18 10:56:58] error: GET /admin/notifications - Không có token hoặc token không hợp lệ
[2025-11-18 10:56:58] error: GET /admin/notifications - Không có token hoặc token không hợp lệ
[2025-11-18 10:56:58] error: GET /admin/notifications/unread-count - Không có token hoặc token không hợp lệ
[2025-11-18 10:56:58] error: GET /admin/notifications - Không có token hoặc token không hợp lệ
[2025-11-18 10:56:59] error: GET /admin/notifications - Không có token hoặc token không hợp lệ
[2025-11-18 10:56:59] error: GET /admin/notifications/unread-count - Không có token hoặc token không hợp lệ
[2025-11-18 10:56:59] error: GET /admin/notifications - Không có token hoặc token không hợp lệ
[2025-11-18 10:57:01] error: GET /admin/notifications - Không có token hoặc token không hợp lệ
[2025-11-18 10:57:01] error: GET /admin/notifications/unread-count - Không có token hoặc token không hợp lệ
[2025-11-18 10:57:01] error: GET /admin/notifications - Không có token hoặc token không hợp lệ
[2025-11-18 10:57:02] error: GET /admin/notifications/unread-count - Không có token hoặc token không hợp lệ
[2025-11-18 10:57:02] error: GET /admin/notifications - Không có token hoặc token không hợp lệ
[2025-11-18 10:57:04] error: GET /admin/notifications - Không có token hoặc token không hợp lệ
[2025-11-18 10:57:04] error: GET /admin/notifications/unread-count - Không có token hoặc token không hợp lệ
[2025-11-18 10:57:04] error: GET /admin/notifications - Không có token hoặc token không hợp lệ
[2025-11-18 10:57:05] error: GET /admin/notifications - Không có token hoặc token không hợp lệ
[2025-11-18 10:57:05] error: GET /admin/notifications/unread-count - Không có token hoặc token không hợp lệ
[2025-11-18 10:57:05] error: GET /admin/notifications - Không có token hoặc token không hợp lệ
[2025-11-18 10:57:05] error: GET /admin/notifications - Không có token hoặc token không hợp lệ
[2025-11-18 10:57:05] error: GET /admin/notifications/unread-count - Không có token hoặc token không hợp lệ
[2025-11-18 10:57:05] error: GET /admin/notifications - Không có token hoặc token không hợp lệ
[2025-11-18 10:57:06] error: GET /admin/notifications - Không có token hoặc token không hợp lệ
[2025-11-18 10:57:06] error: GET /admin/notifications/unread-count - Không có token hoặc token không hợp lệ
[2025-11-18 10:57:06] error: GET /admin/notifications - Không có token hoặc token không hợp lệ
[2025-11-18 10:57:07] error: GET /admin/notifications - Không có token hoặc token không hợp lệ
[2025-11-18 10:57:07] error: GET /admin/notifications/unread-count - Không có token hoặc token không hợp lệ
[2025-11-18 10:57:07] error: GET /admin/notifications - Không có token hoặc token không hợp lệ
[2025-11-18 10:57:08] error: GET /admin/notifications - Không có token hoặc token không hợp lệ
[2025-11-18 10:57:08] error: GET /admin/notifications/unread-count - Không có token hoặc token không hợp lệ
[2025-11-18 10:57:08] error: GET /admin/notifications - Không có token hoặc token không hợp lệ
[2025-11-18 10:57:08] error: GET /admin/notifications - Không có token hoặc token không hợp lệ
[2025-11-18 10:57:08] error: GET /admin/notifications/unread-count - Không có token hoặc token không hợp lệ
[2025-11-18 10:57:08] error: GET /admin/notifications - Không có token hoặc token không hợp lệ
[2025-11-18 10:57:09] error: GET /admin/notifications - Không có token hoặc token không hợp lệ
[2025-11-18 10:57:09] error: GET /admin/notifications/unread-count - Không có token hoặc token không hợp lệ
[2025-11-18 10:57:09] error: GET /admin/notifications - Không có token hoặc token không hợp lệ
[2025-11-18 10:57:10] error: GET /admin/notifications - Không có token hoặc token không hợp lệ
[2025-11-18 10:57:10] error: GET /admin/notifications/unread-count - Không có token hoặc token không hợp lệ
[2025-11-18 10:57:10] error: GET /admin/notifications - Không có token hoặc token không hợp lệ
[2025-11-18 10:57:11] error: GET /admin/notifications - Không có token hoặc token không hợp lệ
[2025-11-18 10:57:11] error: GET /admin/notifications/unread-count - Không có token hoặc token không hợp lệ
[2025-11-18 10:57:11] error: GET /admin/notifications - Không có token hoặc token không hợp lệ
[2025-11-18 10:57:11] error: GET /admin/notifications - Không có token hoặc token không hợp lệ
[2025-11-18 10:57:11] error: GET /admin/notifications/unread-count - Không có token hoặc token không hợp lệ
[2025-11-18 10:57:11] error: GET /admin/notifications - Không có token hoặc token không hợp lệ
[2025-11-18 10:57:12] error: GET /admin/notifications - Không có token hoặc token không hợp lệ
[2025-11-18 10:57:12] error: GET /admin/notifications/unread-count - Không có token hoặc token không hợp lệ
[2025-11-18 10:57:12] error: GET /admin/notifications - Không có token hoặc token không hợp lệ
[2025-11-18 10:57:13] error: GET /admin/notifications - Không có token hoặc token không hợp lệ
[2025-11-18 10:57:13] error: GET /admin/notifications/unread-count - Không có token hoặc token không hợp lệ
[2025-11-18 10:57:13] error: GET /admin/notifications - Không có token hoặc token không hợp lệ
[2025-11-18 10:57:14] error: GET /admin/notifications - Không có token hoặc token không hợp lệ
[2025-11-18 10:57:14] error: GET /admin/notifications/unread-count - Không có token hoặc token không hợp lệ
[2025-11-18 10:57:14] error: GET /admin/notifications - Không có token hoặc token không hợp lệ
[2025-11-18 10:57:14] error: GET /admin/notifications - Không có token hoặc token không hợp lệ
[2025-11-18 10:57:14] error: GET /admin/notifications/unread-count - Không có token hoặc token không hợp lệ
[2025-11-18 10:57:14] error: GET /admin/notifications - Không có token hoặc token không hợp lệ
[2025-11-18 10:57:15] error: GET /admin/notifications - Không có token hoặc token không hợp lệ
[2025-11-18 10:57:15] error: GET /admin/notifications/unread-count - Không có token hoặc token không hợp lệ
[2025-11-18 10:57:15] error: GET /admin/notifications - Không có token hoặc token không hợp lệ
[2025-11-18 10:57:16] error: GET /admin/notifications - Không có token hoặc token không hợp lệ
[2025-11-18 10:57:16] error: GET /admin/notifications/unread-count - Không có token hoặc token không hợp lệ
[2025-11-18 10:57:16] error: GET /admin/notifications - Không có token hoặc token không hợp lệ
[2025-11-18 10:57:17] error: GET /admin/notifications - Không có token hoặc token không hợp lệ
[2025-11-18 10:57:17] error: GET /admin/notifications/unread-count - Không có token hoặc token không hợp lệ
[2025-11-18 10:57:17] error: GET /admin/notifications - Không có token hoặc token không hợp lệ
[2025-11-18 10:57:18] error: GET /admin/notifications - Không có token hoặc token không hợp lệ
[2025-11-18 10:57:18] error: GET /admin/notifications/unread-count - Không có token hoặc token không hợp lệ
[2025-11-18 10:57:18] error: GET /admin/notifications - Không có token hoặc token không hợp lệ
[2025-11-18 10:57:18] error: GET /admin/notifications - Không có token hoặc token không hợp lệ
[2025-11-18 10:57:18] error: GET /admin/notifications/unread-count - Không có token hoặc token không hợp lệ
[2025-11-18 10:57:18] error: GET /admin/notifications - Không có token hoặc token không hợp lệ
[2025-11-18 10:57:19] error: GET /admin/notifications - Không có token hoặc token không hợp lệ
[2025-11-18 10:57:19] error: GET /admin/notifications/unread-count - Không có token hoặc token không hợp lệ
[2025-11-18 10:57:19] error: GET /admin/notifications - Không có token hoặc token không hợp lệ
[2025-11-18 10:57:21] error: GET /admin/notifications - Không có token hoặc token không hợp lệ
[2025-11-18 10:57:21] error: GET /admin/notifications/unread-count - Không có token hoặc token không hợp lệ
[2025-11-18 10:57:21] error: GET /admin/notifications - Không có token hoặc token không hợp lệ
[2025-11-18 10:57:21] error: GET /admin/notifications - Không có token hoặc token không hợp lệ
[2025-11-18 10:57:21] error: GET /admin/notifications/unread-count - Không có token hoặc token không hợp lệ
[2025-11-18 10:57:21] error: GET /admin/notifications - Không có token hoặc token không hợp lệ
[2025-11-18 10:57:22] error: GET /admin/notifications - Không có token hoặc token không hợp lệ
[2025-11-18 10:57:22] error: GET /admin/notifications/unread-count - Không có token hoặc token không hợp lệ
[2025-11-18 10:57:22] error: GET /admin/notifications - Không có token hoặc token không hợp lệ
[2025-11-18 10:57:23] error: GET /admin/notifications - Không có token hoặc token không hợp lệ
[2025-11-18 10:57:23] error: GET /admin/notifications/unread-count - Không có token hoặc token không hợp lệ
[2025-11-18 10:57:23] error: GET /admin/notifications - Không có token hoặc token không hợp lệ
[2025-11-18 10:57:24] error: GET /admin/notifications - Không có token hoặc token không hợp lệ
[2025-11-18 10:57:24] error: GET /admin/notifications/unread-count - Không có token hoặc token không hợp lệ
[2025-11-18 10:57:24] error: GET /admin/notifications - Không có token hoặc token không hợp lệ
[2025-11-18 10:57:24] error: GET /admin/notifications - Không có token hoặc token không hợp lệ
[2025-11-18 10:57:24] error: GET /admin/notifications/unread-count - Không có token hoặc token không hợp lệ
[2025-11-18 10:57:24] error: GET /admin/notifications - Không có token hoặc token không hợp lệ
[2025-11-18 10:57:25] error: GET /admin/notifications - Không có token hoặc token không hợp lệ
[2025-11-18 10:57:25] error: GET /admin/notifications/unread-count - Không có token hoặc token không hợp lệ
[2025-11-18 10:57:25] error: GET /admin/notifications - Không có token hoặc token không hợp lệ
[2025-11-18 10:57:26] error: GET /admin/notifications - Không có token hoặc token không hợp lệ
[2025-11-18 10:57:26] error: GET /admin/notifications/unread-count - Không có token hoặc token không hợp lệ
[2025-11-18 10:57:26] error: GET /admin/notifications - Không có token hoặc token không hợp lệ
[2025-11-18 10:57:27] error: GET /admin/notifications - Không có token hoặc token không hợp lệ
[2025-11-18 10:57:27] error: GET /admin/notifications/unread-count - Không có token hoặc token không hợp lệ
[2025-11-18 10:57:27] error: GET /admin/notifications - Không có token hoặc token không hợp lệ
[2025-11-18 10:57:28] error: GET /admin/notifications/unread-count - Không có token hoặc token không hợp lệ
[2025-11-18 10:57:28] error: GET /admin/notifications - Không có token hoặc token không hợp lệ
[2025-11-18 10:57:28] error: GET /admin/notifications - Không có token hoặc token không hợp lệ
[2025-11-18 10:57:28] error: GET /admin/notifications - Không có token hoặc token không hợp lệ
[2025-11-18 10:57:28] error: GET /admin/notifications/unread-count - Không có token hoặc token không hợp lệ
[2025-11-18 10:57:28] error: GET /admin/notifications - Không có token hoặc token không hợp lệ
[2025-11-18 10:57:29] error: GET /admin/notifications - Không có token hoặc token không hợp lệ
[2025-11-18 10:57:29] error: GET /admin/notifications/unread-count - Không có token hoặc token không hợp lệ
[2025-11-18 10:57:29] error: GET /admin/notifications - Không có token hoặc token không hợp lệ
[2025-11-18 10:57:31] error: GET /admin/notifications - Không có token hoặc token không hợp lệ
[2025-11-18 10:57:31] error: GET /admin/notifications/unread-count - Không có token hoặc token không hợp lệ
[2025-11-18 10:57:31] error: GET /admin/notifications - Không có token hoặc token không hợp lệ
[2025-11-18 10:57:32] error: GET /admin/notifications - Không có token hoặc token không hợp lệ
[2025-11-18 10:57:32] error: GET /admin/notifications/unread-count - Không có token hoặc token không hợp lệ
[2025-11-18 10:57:32] error: GET /admin/notifications - Không có token hoặc token không hợp lệ
[2025-11-18 10:57:34] error: GET /admin/notifications - Không có token hoặc token không hợp lệ
[2025-11-18 10:57:34] error: GET /admin/notifications/unread-count - Không có token hoặc token không hợp lệ
[2025-11-18 10:57:34] error: GET /admin/notifications - Không có token hoặc token không hợp lệ
[2025-11-18 10:57:35] error: GET /admin/notifications - Không có token hoặc token không hợp lệ
[2025-11-18 10:57:35] error: GET /admin/notifications/unread-count - Không có token hoặc token không hợp lệ
[2025-11-18 10:57:35] error: GET /admin/notifications - Không có token hoặc token không hợp lệ
[2025-11-18 10:57:37] error: GET /admin/notifications - Không có token hoặc token không hợp lệ
[2025-11-18 10:57:37] error: GET /admin/notifications/unread-count - Không có token hoặc token không hợp lệ
[2025-11-18 10:57:37] error: GET /admin/notifications - Không có token hoặc token không hợp lệ
[2025-11-18 10:57:38] error: GET /admin/notifications - Không có token hoặc token không hợp lệ
[2025-11-18 10:57:38] error: GET /admin/notifications/unread-count - Không có token hoặc token không hợp lệ
[2025-11-18 10:57:38] error: GET /admin/notifications - Không có token hoặc token không hợp lệ
[2025-11-18 10:57:40] error: GET /admin/notifications - Không có token hoặc token không hợp lệ
[2025-11-18 10:57:40] error: GET /admin/notifications - Không có token hoặc token không hợp lệ
[2025-11-18 10:57:40] error: GET /admin/notifications/unread-count - Không có token hoặc token không hợp lệ
[2025-11-18 10:57:41] error: GET /admin/notifications - Không có token hoặc token không hợp lệ
[2025-11-18 10:57:41] error: GET /admin/notifications/unread-count - Không có token hoặc token không hợp lệ
[2025-11-18 10:57:41] error: GET /admin/notifications - Không có token hoặc token không hợp lệ
[2025-11-18 10:57:42] error: GET /admin/notifications - Không có token hoặc token không hợp lệ
[2025-11-18 10:57:42] error: GET /admin/notifications/unread-count - Không có token hoặc token không hợp lệ
[2025-11-18 10:57:42] error: GET /admin/notifications - Không có token hoặc token không hợp lệ
[2025-11-18 10:57:44] error: GET /admin/notifications - Không có token hoặc token không hợp lệ
[2025-11-18 10:57:44] error: GET /admin/notifications/unread-count - Không có token hoặc token không hợp lệ
[2025-11-18 10:57:44] error: GET /admin/notifications - Không có token hoặc token không hợp lệ
[2025-11-18 10:57:45] error: GET /admin/notifications - Không có token hoặc token không hợp lệ
[2025-11-18 10:57:45] error: GET /admin/notifications/unread-count - Không có token hoặc token không hợp lệ
[2025-11-18 10:57:45] error: GET /admin/notifications - Không có token hoặc token không hợp lệ
[2025-11-18 10:57:46] error: GET /admin/notifications - Không có token hoặc token không hợp lệ
[2025-11-18 10:57:46] error: GET /admin/notifications/unread-count - Không có token hoặc token không hợp lệ
[2025-11-18 10:57:46] error: GET /admin/notifications - Không có token hoặc token không hợp lệ
[2025-11-18 10:57:47] error: GET /admin/notifications/unread-count - Không có token hoặc token không hợp lệ
[2025-11-18 10:57:47] error: GET /admin/notifications - Không có token hoặc token không hợp lệ
[2025-11-18 10:57:47] error: GET /admin/notifications - Không có token hoặc token không hợp lệ
[2025-11-18 10:57:48] error: GET /admin/notifications - Không có token hoặc token không hợp lệ
[2025-11-18 10:57:48] error: GET /admin/notifications/unread-count - Không có token hoặc token không hợp lệ
[2025-11-18 10:57:48] error: GET /admin/notifications - Không có token hoặc token không hợp lệ
[2025-11-18 10:57:50] error: GET /admin/notifications - Không có token hoặc token không hợp lệ
[2025-11-18 10:57:50] error: GET /admin/notifications/unread-count - Không có token hoặc token không hợp lệ
[2025-11-18 10:57:50] error: GET /admin/notifications - Không có token hoặc token không hợp lệ
[2025-11-18 10:57:51] error: GET /admin/notifications - Không có token hoặc token không hợp lệ
[2025-11-18 10:57:51] error: GET /admin/notifications/unread-count - Không có token hoặc token không hợp lệ
[2025-11-18 10:57:51] error: GET /admin/notifications - Không có token hoặc token không hợp lệ
[2025-11-18 10:57:52] error: GET /admin/notifications - Không có token hoặc token không hợp lệ
[2025-11-18 10:57:52] error: GET /admin/notifications/unread-count - Không có token hoặc token không hợp lệ
[2025-11-18 10:57:52] error: GET /admin/notifications - Không có token hoặc token không hợp lệ
[2025-11-18 10:57:54] error: GET /admin/notifications - Không có token hoặc token không hợp lệ
[2025-11-18 10:57:54] error: GET /admin/notifications/unread-count - Không có token hoặc token không hợp lệ
[2025-11-18 10:57:54] error: GET /admin/notifications - Không có token hoặc token không hợp lệ
[2025-11-18 10:57:55] error: GET /admin/notifications - Không có token hoặc token không hợp lệ
[2025-11-18 10:57:55] error: GET /admin/notifications/unread-count - Không có token hoặc token không hợp lệ
[2025-11-18 10:57:55] error: GET /admin/notifications - Không có token hoặc token không hợp lệ
[2025-11-18 10:57:56] error: GET /admin/notifications - Không có token hoặc token không hợp lệ
[2025-11-18 10:57:56] error: GET /admin/notifications/unread-count - Không có token hoặc token không hợp lệ
[2025-11-18 10:57:56] error: GET /admin/notifications - Không có token hoặc token không hợp lệ
[2025-11-18 10:57:57] error: GET /admin/notifications - Không có token hoặc token không hợp lệ
[2025-11-18 10:57:57] error: GET /admin/notifications/unread-count - Không có token hoặc token không hợp lệ
[2025-11-18 10:57:57] error: GET /admin/notifications - Không có token hoặc token không hợp lệ
[2025-11-18 10:57:59] error: GET /admin/notifications - Không có token hoặc token không hợp lệ
[2025-11-18 10:57:59] error: GET /admin/notifications/unread-count - Không có token hoặc token không hợp lệ
[2025-11-18 10:57:59] error: GET /admin/notifications - Không có token hoặc token không hợp lệ
[2025-11-18 10:58:00] error: GET /admin/notifications - Không có token hoặc token không hợp lệ
[2025-11-18 10:58:00] error: GET /admin/notifications/unread-count - Không có token hoặc token không hợp lệ
[2025-11-18 10:58:00] error: GET /admin/notifications - Không có token hoặc token không hợp lệ
[2025-11-18 10:58:01] error: GET /admin/notifications - Không có token hoặc token không hợp lệ
[2025-11-18 10:58:01] error: GET /admin/notifications/unread-count - Không có token hoặc token không hợp lệ
[2025-11-18 10:58:01] error: GET /admin/notifications - Không có token hoặc token không hợp lệ
[2025-11-18 10:58:02] error: GET /admin/notifications - Không có token hoặc token không hợp lệ
[2025-11-18 10:58:02] error: GET /admin/notifications/unread-count - Không có token hoặc token không hợp lệ
[2025-11-18 10:58:02] error: GET /admin/notifications - Không có token hoặc token không hợp lệ
[2025-11-18 10:58:04] error: GET /admin/notifications - Không có token hoặc token không hợp lệ
[2025-11-18 10:58:04] error: GET /admin/notifications/unread-count - Không có token hoặc token không hợp lệ
[2025-11-18 10:58:04] error: GET /admin/notifications - Không có token hoặc token không hợp lệ
[2025-11-18 10:58:05] error: GET /admin/notifications - Không có token hoặc token không hợp lệ
[2025-11-18 10:58:05] error: GET /admin/notifications/unread-count - Không có token hoặc token không hợp lệ
[2025-11-18 10:58:05] error: GET /admin/notifications - Không có token hoặc token không hợp lệ
[2025-11-18 10:58:06] error: GET /admin/notifications - Không có token hoặc token không hợp lệ
[2025-11-18 10:58:06] error: GET /admin/notifications/unread-count - Không có token hoặc token không hợp lệ
[2025-11-18 10:58:06] error: GET /admin/notifications - Không có token hoặc token không hợp lệ
[2025-11-18 10:58:06] error: GET /admin/notifications/unread-count - Không có token hoặc token không hợp lệ
[2025-11-18 10:58:06] error: GET /admin/notifications - Không có token hoặc token không hợp lệ
[2025-11-18 10:58:06] error: GET /admin/notifications - Không có token hoặc token không hợp lệ
[2025-11-18 10:58:08] error: GET /admin/notifications - Không có token hoặc token không hợp lệ
[2025-11-18 10:58:08] error: GET /admin/notifications/unread-count - Không có token hoặc token không hợp lệ
[2025-11-18 10:58:08] error: GET /admin/notifications - Không có token hoặc token không hợp lệ
[2025-11-18 10:58:09] error: GET /admin/notifications - Không có token hoặc token không hợp lệ
[2025-11-18 10:58:09] error: GET /admin/notifications/unread-count - Không có token hoặc token không hợp lệ
[2025-11-18 10:58:09] error: GET /admin/notifications - Không có token hoặc token không hợp lệ
[2025-11-18 10:58:10] error: GET /admin/notifications - Không có token hoặc token không hợp lệ
[2025-11-18 10:58:10] error: GET /admin/notifications/unread-count - Không có token hoặc token không hợp lệ
[2025-11-18 10:58:10] error: GET /admin/notifications - Không có token hoặc token không hợp lệ
[2025-11-18 10:58:11] error: GET /admin/notifications - Không có token hoặc token không hợp lệ
[2025-11-18 10:58:11] error: GET /admin/notifications/unread-count - Không có token hoặc token không hợp lệ
[2025-11-18 10:58:11] error: GET /admin/notifications - Không có token hoặc token không hợp lệ
[2025-11-18 11:04:44] error: GET /admin/notifications - Không có token hoặc token không hợp lệ
[2025-11-18 11:08:25] error: GET /admin/blog/posts - Không có token hoặc token không hợp lệ
[2025-11-18 11:08:25] error: GET /admin/blog/posts - Không có token hoặc token không hợp lệ
[2025-11-18 11:08:34] error: GET /admin/blog/posts - Không có token hoặc token không hợp lệ
[2025-11-18 11:09:10] error: GET /admin/blog/posts - Không có token hoặc token không hợp lệ
[2025-11-18 11:09:10] error: GET /admin/blog/posts - Không có token hoặc token không hợp lệ
[2025-11-18 11:44:35] error: POST /admin/blog/categories - Token không hợp lệ hoặc đã hết hạn
[2025-11-18 11:48:56] error: POST /admin/blog/tags - BlogTag validation failed: slug: Path `slug` is required.
[2025-11-19 14:17:15] error: POST /admin/blog/categories - BlogCategory validation failed: slug: Path `slug` is required.
[2025-11-19 14:18:24] error: POST /admin/blog/categories - BlogCategory validation failed: slug: Path `slug` is required.
[2025-11-22 13:47:44] error: GET /admin/metrics - Không có token hoặc token không hợp lệ
[2025-11-22 13:47:44] error: GET /admin/orders-stats - Không có token hoặc token không hợp lệ
[2025-11-22 13:47:44] error: GET /admin/analytics/inventory-overview - Không có token hoặc token không hợp lệ
[2025-11-22 13:47:44] error: GET /admin/customers-stats - Không có token hoặc token không hợp lệ
[2025-11-22 13:47:45] error: GET /admin/analytics/top-customers?limit=5 - Không có token hoặc token không hợp lệ
[2025-11-22 13:47:45] error: GET /admin/notifications - Không có token hoặc token không hợp lệ
[2025-11-22 13:47:45] error: GET /admin/notifications/unread-count - Không có token hoặc token không hợp lệ
[2025-11-22 13:47:45] error: GET /admin/analytics/best-products?limit=5&days=30 - Không có token hoặc token không hợp lệ
[2025-11-22 13:47:45] error: GET /admin/revenue - Không có token hoặc token không hợp lệ
[2025-11-22 13:47:45] error: GET /admin/revenue - Không có token hoặc token không hợp lệ
[2025-11-22 13:47:45] error: GET /admin/analytics/purchase-frequency - Không có token hoặc token không hợp lệ
[2025-11-22 13:47:46] error: GET /admin/metrics - Không có token hoặc token không hợp lệ
[2025-11-22 13:47:46] error: GET /admin/analytics/inventory-overview - Không có token hoặc token không hợp lệ
[2025-11-22 13:47:46] error: GET /admin/orders-stats - Không có token hoặc token không hợp lệ
[2025-11-22 13:47:46] error: GET /admin/customers-stats - Không có token hoặc token không hợp lệ
[2025-11-22 13:47:46] error: GET /admin/notifications/unread-count - Không có token hoặc token không hợp lệ
[2025-11-22 13:47:46] error: GET /admin/revenue - Không có token hoặc token không hợp lệ
[2025-11-22 13:47:46] error: GET /admin/notifications - Không có token hoặc token không hợp lệ
[2025-11-22 13:47:46] error: GET /admin/revenue - Không có token hoặc token không hợp lệ
[2025-11-22 16:27:44] error: POST /admin/shipping-rules - ShippingRule validation failed: province: Cast to string failed for value "{ code: '79', name: 'Thành phố Hồ Chí Minh' }" (type Object) at path "province", districts.0: Cast to [string] failed for value "[ { code: '766', name: 'Quận Tân Bình' } ]" (type string) at path "districts.0" because of "CastError"
[2025-11-22 16:27:52] error: POST /admin/shipping-rules - ShippingRule validation failed: province: Cast to string failed for value "{ code: '79', name: 'Thành phố Hồ Chí Minh' }" (type Object) at path "province", districts.0: Cast to [string] failed for value "[ { code: '766', name: 'Quận Tân Bình' } ]" (type string) at path "districts.0" because of "CastError"
[2025-11-22 16:30:38] error: PUT /admin/shipping-rules/reorder - Cast to ObjectId failed for value "reorder" (type string) at path "_id" for model "ShippingRule"
[2025-11-22 16:39:59] error: PUT /admin/shipping-rules/reorder - Cast to ObjectId failed for value "reorder" (type string) at path "_id" for model "ShippingRule"
[2025-11-22 16:39:59] error: PUT /admin/shipping-rules/reorder - Cast to ObjectId failed for value "reorder" (type string) at path "_id" for model "ShippingRule"
[2025-11-22 16:41:34] error: PUT /admin/shipping-rules/reorder - Cast to ObjectId failed for value "reorder" (type string) at path "_id" for model "ShippingRule"
[2025-11-22 16:41:34] error: PUT /admin/shipping-rules/reorder - Cast to ObjectId failed for value "reorder" (type string) at path "_id" for model "ShippingRule"
[2025-11-22 16:42:34] error: PUT /admin/shipping-rules/reorder - Cast to ObjectId failed for value "reorder" (type string) at path "_id" for model "ShippingRule"
[2025-11-22 16:42:35] error: PUT /admin/shipping-rules/reorder - Cast to ObjectId failed for value "reorder" (type string) at path "_id" for model "ShippingRule"
[2025-11-22 16:53:29] error: GET /admin/shipping-rules - Token không hợp lệ hoặc đã hết hạn
[2025-11-22 17:00:21] error: PUT /admin/shipping-rules/reorder - Cast to ObjectId failed for value "reorder" (type string) at path "_id" for model "ShippingRule"
[2025-11-22 17:00:23] error: PUT /admin/shipping-rules/reorder - Cast to ObjectId failed for value "reorder" (type string) at path "_id" for model "ShippingRule"
[2025-11-22 17:00:24] error: PUT /admin/shipping-rules/reorder - Cast to ObjectId failed for value "reorder" (type string) at path "_id" for model "ShippingRule"
